<?xml version="1.0" encoding="UTF-8"?>
<testng-results skipped="0" failed="0" ignored="0" total="1" passed="1">
  <reporter-output>
  </reporter-output>
  <suite name="Test1" duration-ms="21" started-at="2018-09-23T06:30:04Z" finished-at="2018-09-23T06:30:04Z">
    <groups>
    </groups>
    <test name="Creepy" duration-ms="21" started-at="2018-09-23T06:30:04Z" finished-at="2018-09-23T06:30:04Z">
      <class name="DemoTest">
        <test-method status="PASS" signature="demo()[pri:0, instance:DemoTest@780cb77]" name="demo" duration-ms="9" started-at="2018-09-23T06:30:04Z" finished-at="2018-09-23T06:30:04Z">
          <reporter-output>
          </reporter-output>
        </test-method> <!-- demo -->
      </class> <!-- DemoTest -->
    </test> <!-- Creepy -->
  </suite> <!-- Test1 -->
</testng-results>
